app/build/intermediates/manifest_merge_blame_file/debug/processDebugMainManifest/manifest-merger-blame-debug-report.txt
1<?xml version="1.0" encoding="utf-8"?>
2<manifest xmlns:android="http://schemas.android.com/apk/res/android"
3    package="com.chessapp"
4    android:versionCode="1"
5    android:versionName="1.0" >
6
7    <uses-sdk
7-->INJECTED
8        android:minSdkVersion="28"
8-->INJECTED
9        android:targetSdkVersion="35" />
9-->INJECTED
10
11    <permission
11-->[androidx.core:core:1.13.1] AndroidManifest.xml:22:5-24:47
12        android:name="com.chessapp.DYNAMIC_RECEIVER_NOT_EXPORTED_PERMISSION"
12-->[androidx.core:core:1.13.1] AndroidManifest.xml:23:9-81
13        android:protectionLevel="signature" />
13-->[androidx.core:core:1.13.1] AndroidManifest.xml:24:9-44
14
15    <uses-permission android:name="com.chessapp.DYNAMIC_RECEIVER_NOT_EXPORTED_PERMISSION" />
15-->[androidx.core:core:1.13.1] AndroidManifest.xml:26:5-97
15-->[androidx.core:core:1.13.1] AndroidManifest.xml:26:22-94
16
17    <application
17-->src\main\AndroidManifest.xml:4:5-74:19
18        android:allowBackup="true"
18-->src\main\AndroidManifest.xml:5:9-35
19        android:appComponentFactory="androidx.core.app.CoreComponentFactory"
19-->[androidx.core:core:1.13.1] AndroidManifest.xml:28:18-86
20        android:debuggable="true"
21        android:extractNativeLibs="false"
21-->INJECTED
22        android:icon="@mipmap/ic_launcher"
22-->src\main\AndroidManifest.xml:6:9-43
23        android:label="@string/app_name"
23-->src\main\AndroidManifest.xml:8:9-41
24        android:roundIcon="@mipmap/ic_launcher"
24-->src\main\AndroidManifest.xml:7:9-48
25        android:supportsRtl="true"
25-->src\main\AndroidManifest.xml:9:9-35
26        android:testOnly="true"
27        android:theme="@style/Theme.ChessApp" >
27-->src\main\AndroidManifest.xml:10:9-46
28
29        <!-- Launcher -->
30        <activity
30-->src\main\AndroidManifest.xml:13:9-22:20
31            android:name="com.chessapp.ui.ProfileSelectActivity"
31-->src\main\AndroidManifest.xml:14:13-53
32            android:exported="true"
32-->src\main\AndroidManifest.xml:15:13-36
33            android:screenOrientation="portrait"
33-->src\main\AndroidManifest.xml:16:13-49
34            android:windowSoftInputMode="adjustResize" >
34-->src\main\AndroidManifest.xml:17:13-55
35            <intent-filter>
35-->src\main\AndroidManifest.xml:18:13-21:29
36                <action android:name="android.intent.action.MAIN" />
36-->src\main\AndroidManifest.xml:19:17-68
36-->src\main\AndroidManifest.xml:19:25-66
37
38                <category android:name="android.intent.category.LAUNCHER" />
38-->src\main\AndroidManifest.xml:20:17-76
38-->src\main\AndroidManifest.xml:20:27-74
39            </intent-filter>
40        </activity>
41        <activity
41-->src\main\AndroidManifest.xml:24:9-28:57
42            android:name="com.chessapp.ui.ProfileManageActivity"
42-->src\main\AndroidManifest.xml:25:13-53
43            android:exported="false"
43-->src\main\AndroidManifest.xml:26:13-37
44            android:screenOrientation="portrait"
44-->src\main\AndroidManifest.xml:27:13-49
45            android:windowSoftInputMode="adjustResize" />
45-->src\main\AndroidManifest.xml:28:13-55
46        <activity
46-->src\main\AndroidManifest.xml:30:9-34:57
47            android:name="com.chessapp.ui.MainMenuActivity"
47-->src\main\AndroidManifest.xml:31:13-48
48            android:exported="false"
48-->src\main\AndroidManifest.xml:32:13-37
49            android:screenOrientation="portrait"
49-->src\main\AndroidManifest.xml:33:13-49
50            android:windowSoftInputMode="adjustResize" />
50-->src\main\AndroidManifest.xml:34:13-55
51        <activity
51-->src\main\AndroidManifest.xml:36:9-39:51
52            android:name="com.chessapp.ui.GameModeActivity"
52-->src\main\AndroidManifest.xml:37:13-48
53            android:exported="false"
53-->src\main\AndroidManifest.xml:38:13-37
54            android:screenOrientation="portrait" />
54-->src\main\AndroidManifest.xml:39:13-49
55        <activity
55-->src\main\AndroidManifest.xml:41:9-45:57
56            android:name="com.chessapp.ui.PvPSetupActivity"
56-->src\main\AndroidManifest.xml:42:13-48
57            android:exported="false"
57-->src\main\AndroidManifest.xml:43:13-37
58            android:screenOrientation="portrait"
58-->src\main\AndroidManifest.xml:44:13-49
59            android:windowSoftInputMode="adjustResize" />
59-->src\main\AndroidManifest.xml:45:13-55
60        <activity
60-->src\main\AndroidManifest.xml:47:9-51:57
61            android:name="com.chessapp.ui.PvBotSetupActivity"
61-->src\main\AndroidManifest.xml:48:13-50
62            android:exported="false"
62-->src\main\AndroidManifest.xml:49:13-37
63            android:screenOrientation="portrait"
63-->src\main\AndroidManifest.xml:50:13-49
64            android:windowSoftInputMode="adjustResize" />
64-->src\main\AndroidManifest.xml:51:13-55
65        <activity
65-->src\main\AndroidManifest.xml:53:9-56:51
66            android:name="com.chessapp.ui.GameActivity"
66-->src\main\AndroidManifest.xml:54:13-44
67            android:exported="false"
67-->src\main\AndroidManifest.xml:55:13-37
68            android:screenOrientation="portrait" />
68-->src\main\AndroidManifest.xml:56:13-49
69        <activity
69-->src\main\AndroidManifest.xml:58:9-61:51
70            android:name="com.chessapp.ui.GameHistoryActivity"
70-->src\main\AndroidManifest.xml:59:13-51
71            android:exported="false"
71-->src\main\AndroidManifest.xml:60:13-37
72            android:screenOrientation="portrait" />
72-->src\main\AndroidManifest.xml:61:13-49
73        <activity
73-->src\main\AndroidManifest.xml:63:9-67:57
74            android:name="com.chessapp.ui.SettingsActivity"
74-->src\main\AndroidManifest.xml:64:13-48
75            android:exported="false"
75-->src\main\AndroidManifest.xml:65:13-37
76            android:screenOrientation="portrait"
76-->src\main\AndroidManifest.xml:66:13-49
77            android:windowSoftInputMode="adjustResize" />
77-->src\main\AndroidManifest.xml:67:13-55
78        <activity
78-->src\main\AndroidManifest.xml:69:9-72:51
79            android:name="com.chessapp.ui.AboutActivity"
79-->src\main\AndroidManifest.xml:70:13-45
80            android:exported="false"
80-->src\main\AndroidManifest.xml:71:13-37
81            android:screenOrientation="portrait" />
81-->src\main\AndroidManifest.xml:72:13-49
82
83        <provider
83-->[androidx.emoji2:emoji2:1.3.0] AndroidManifest.xml:24:9-32:20
84            android:name="androidx.startup.InitializationProvider"
84-->[androidx.emoji2:emoji2:1.3.0] AndroidManifest.xml:25:13-67
85            android:authorities="com.chessapp.androidx-startup"
85-->[androidx.emoji2:emoji2:1.3.0] AndroidManifest.xml:26:13-68
86            android:exported="false" >
86-->[androidx.emoji2:emoji2:1.3.0] AndroidManifest.xml:27:13-37
87            <meta-data
87-->[androidx.emoji2:emoji2:1.3.0] AndroidManifest.xml:29:13-31:52
88                android:name="androidx.emoji2.text.EmojiCompatInitializer"
88-->[androidx.emoji2:emoji2:1.3.0] AndroidManifest.xml:30:17-75
89                android:value="androidx.startup" />
89-->[androidx.emoji2:emoji2:1.3.0] AndroidManifest.xml:31:17-49
90            <meta-data
90-->[androidx.lifecycle:lifecycle-process:2.8.7] AndroidManifest.xml:29:13-31:52
91                android:name="androidx.lifecycle.ProcessLifecycleInitializer"
91-->[androidx.lifecycle:lifecycle-process:2.8.7] AndroidManifest.xml:30:17-78
92                android:value="androidx.startup" />
92-->[androidx.lifecycle:lifecycle-process:2.8.7] AndroidManifest.xml:31:17-49
93            <meta-data
93-->[androidx.profileinstaller:profileinstaller:1.3.1] AndroidManifest.xml:29:13-31:52
94                android:name="androidx.profileinstaller.ProfileInstallerInitializer"
94-->[androidx.profileinstaller:profileinstaller:1.3.1] AndroidManifest.xml:30:17-85
95                android:value="androidx.startup" />
95-->[androidx.profileinstaller:profileinstaller:1.3.1] AndroidManifest.xml:31:17-49
96        </provider>
97
98        <service
98-->[androidx.room:room-runtime:2.6.1] AndroidManifest.xml:24:9-28:63
99            android:name="androidx.room.MultiInstanceInvalidationService"
99-->[androidx.room:room-runtime:2.6.1] AndroidManifest.xml:25:13-74
100            android:directBootAware="true"
100-->[androidx.room:room-runtime:2.6.1] AndroidManifest.xml:26:13-43
101            android:exported="false" />
101-->[androidx.room:room-runtime:2.6.1] AndroidManifest.xml:27:13-37
102
103        <receiver
103-->[androidx.profileinstaller:profileinstaller:1.3.1] AndroidManifest.xml:34:9-52:20
104            android:name="androidx.profileinstaller.ProfileInstallReceiver"
104-->[androidx.profileinstaller:profileinstaller:1.3.1] AndroidManifest.xml:35:13-76
105            android:directBootAware="false"
105-->[androidx.profileinstaller:profileinstaller:1.3.1] AndroidManifest.xml:36:13-44
106            android:enabled="true"
106-->[androidx.profileinstaller:profileinstaller:1.3.1] AndroidManifest.xml:37:13-35
107            android:exported="true"
107-->[androidx.profileinstaller:profileinstaller:1.3.1] AndroidManifest.xml:38:13-36
108            android:permission="android.permission.DUMP" >
108-->[androidx.profileinstaller:profileinstaller:1.3.1] AndroidManifest.xml:39:13-57
109            <intent-filter>
109-->[androidx.profileinstaller:profileinstaller:1.3.1] AndroidManifest.xml:40:13-42:29
110                <action android:name="androidx.profileinstaller.action.INSTALL_PROFILE" />
110-->[androidx.profileinstaller:profileinstaller:1.3.1] AndroidManifest.xml:41:17-91
110-->[androidx.profileinstaller:profileinstaller:1.3.1] AndroidManifest.xml:41:25-88
111            </intent-filter>
112            <intent-filter>
112-->[androidx.profileinstaller:profileinstaller:1.3.1] AndroidManifest.xml:43:13-45:29
113                <action android:name="androidx.profileinstaller.action.SKIP_FILE" />
113-->[androidx.profileinstaller:profileinstaller:1.3.1] AndroidManifest.xml:44:17-85
113-->[androidx.profileinstaller:profileinstaller:1.3.1] AndroidManifest.xml:44:25-82
114            </intent-filter>
115            <intent-filter>
115-->[androidx.profileinstaller:profileinstaller:1.3.1] AndroidManifest.xml:46:13-48:29
116                <action android:name="androidx.profileinstaller.action.SAVE_PROFILE" />
116-->[androidx.profileinstaller:profileinstaller:1.3.1] AndroidManifest.xml:47:17-88
116-->[androidx.profileinstaller:profileinstaller:1.3.1] AndroidManifest.xml:47:25-85
117            </intent-filter>
118            <intent-filter>
118-->[androidx.profileinstaller:profileinstaller:1.3.1] AndroidManifest.xml:49:13-51:29
119                <action android:name="androidx.profileinstaller.action.BENCHMARK_OPERATION" />
119-->[androidx.profileinstaller:profileinstaller:1.3.1] AndroidManifest.xml:50:17-95
119-->[androidx.profileinstaller:profileinstaller:1.3.1] AndroidManifest.xml:50:25-92
120            </intent-filter>
121        </receiver>
122    </application>
123
124</manifest>